Setting wandb to offline mode. Logs will be stored locally.
Starting BASD training job...
Base directory: /homes/01/srangdembay/Hack/medical_diagnosis_bot
Data directory: /homes/01/srangdembay/Hack/medical_diagnosis_bot/data
BASD directory: /homes/01/srangdembay/Hack/medical_diagnosis_bot/basd
Output directory: /homes/01/srangdembay/Hack/medical_diagnosis_bot/basd/output
Wandb directory: /homes/01/srangdembay/Hack/medical_diagnosis_bot/wandb
Asd training: Using seed [2919] for this process.
Training environment size: 1025602
Eval environment size: 132448
ASD Epoch 0: tr_loss_sym: 3.058444287608125 tr_perf_sym: 0.15858783426709386 tr_loss_ag: 0.1780147466689876 tr_perf_ag: 0.9195984407206694 tr_loss_patho: 2.0874336337646904 tr_perf_patho: 0.15856930856219079 va_loss_sym: 2.735774617194841 va_perf_sym: 0.18460829910606427 va_loss_ag: 0.14489552917151988 va_perf_ag: 0.9307577313360715 va_loss_patho: 1.9312295046555994 va_perf_patho: 0.18395898767818314 valid_perf: 0.5576830152210679.
ASD Epoch 1: tr_loss_sym: 2.6368110467300028 tr_perf_sym: 0.1923406935633901 tr_loss_ag: 0.144628163181811 tr_perf_ag: 0.9293780628352909 tr_loss_patho: 1.8871738894221037 tr_perf_patho: 0.19231631763588605 va_loss_sym: 2.579248127549361 va_perf_sym: 0.19677156317951197 va_loss_ag: 0.1333309521126388 va_perf_ag: 0.9345554481758879 va_loss_patho: 1.893787460868328 va_perf_patho: 0.19608450108721914 valid_perf: 0.5656635056777.
ASD Epoch 2: tr_loss_sym: 2.5311073039616283 tr_perf_sym: 0.19857313070762342 tr_loss_ag: 0.1368789855990777 tr_perf_ag: 0.9323685016214867 tr_loss_patho: 1.8468265064593952 tr_perf_patho: 0.1985477797430192 va_loss_sym: 2.5156674931866734 va_perf_sym: 0.1982060884271563 va_loss_ag: 0.12987453308326377 va_perf_ag: 0.9346082991060642 va_loss_patho: 1.8713368276346993 va_perf_patho: 0.1976549287267456 valid_perf: 0.5664071937666103.
ASD Epoch 3: tr_loss_sym: 2.4711433295641267 tr_perf_sym: 0.2016532729070341 tr_loss_ag: 0.13379579695039157 tr_perf_ag: 0.933480043915671 tr_loss_patho: 1.8243753002071998 tr_perf_patho: 0.20163474720213104 va_loss_sym: 2.461065809992841 va_perf_sym: 0.20390643875332207 va_loss_ag: 0.12643019214639717 va_perf_ag: 0.9361107755496497 va_loss_patho: 1.8338406918150527 va_perf_patho: 0.2031136748006765 valid_perf: 0.5700086071514859.
ASD Epoch 4: tr_loss_sym: 2.429568992860629 tr_perf_sym: 0.20439020204718789 tr_loss_ag: 0.1315220171334858 tr_perf_ag: 0.9343878034559215 tr_loss_patho: 1.809301178573367 tr_perf_patho: 0.20436875123098433 va_loss_sym: 2.430954170899565 va_perf_sym: 0.20602802609325924 va_loss_ag: 0.12598322861267405 va_perf_ag: 0.9367978376419425 va_loss_patho: 1.8236641773360454 va_perf_patho: 0.20531076346943705 valid_perf: 0.5714129318676009.
ASD Epoch 5: tr_loss_sym: 2.400949970656705 tr_perf_sym: 0.205959036741348 tr_loss_ag: 0.12987716401527805 tr_perf_ag: 0.9349679505305177 tr_loss_patho: 1.802831362359519 tr_perf_patho: 0.20593076066544333 va_loss_sym: 2.4018249007909014 va_perf_sym: 0.20665468712249335 va_loss_ag: 0.12276529349696308 va_perf_ag: 0.9381795119594105 va_loss_patho: 1.8060634555477368 va_perf_patho: 0.20589212370137713 valid_perf: 0.5724170995409519.
ASD Epoch 6: tr_loss_sym: 2.377148925137945 tr_perf_sym: 0.20764682596172784 tr_loss_ag: 0.12828915447559927 tr_perf_ag: 0.9358825353304693 tr_loss_patho: 1.7982083670827291 tr_perf_patho: 0.2076253751455243 va_loss_sym: 2.387573494949212 va_perf_sym: 0.2054164653297898 va_loss_ag: 0.12219591452518497 va_perf_ag: 0.9391081783039381 va_loss_patho: 1.7967310263450147 va_perf_patho: 0.20469920270596761 valid_perf: 0.572262321816864.
ASD Epoch 7: tr_loss_sym: 2.361365122612767 tr_perf_sym: 0.2084063798627538 tr_loss_ag: 0.12783886618801552 tr_perf_ag: 0.9360892431957036 tr_loss_patho: 1.7842669885443232 tr_perf_patho: 0.20838785415785072 va_loss_sym: 2.368201415207283 va_perf_sym: 0.2084365184827253 va_loss_ag: 0.1210847832165761 va_perf_ag: 0.9392365305629379 va_loss_patho: 1.795370452889039 va_perf_patho: 0.20770415559313843 valid_perf: 0.5738365245228316.
ASD Epoch 8: tr_loss_sym: 2.3473671771009235 tr_perf_sym: 0.2091942098396844 tr_loss_ag: 0.126864792234269 tr_perf_ag: 0.9367717691658167 tr_loss_patho: 1.7809183576854215 tr_perf_patho: 0.20916788383798005 va_loss_sym: 2.3571131606987925 va_perf_sym: 0.20977289200289925 va_loss_ag: 0.1215061530390744 va_perf_ag: 0.9384739671418217 va_loss_patho: 1.7992053875300469 va_perf_patho: 0.20905562937907707 valid_perf: 0.5741234295723605.
ASD Epoch 9: tr_loss_sym: 2.334609092684945 tr_perf_sym: 0.2108673735035618 tr_loss_ag: 0.12611741479524186 tr_perf_ag: 0.9368253962063257 tr_loss_patho: 1.778360916611926 tr_perf_patho: 0.21084592268735824 va_loss_sym: 2.3484001015300593 va_perf_sym: 0.20938028509301765 va_loss_ag: 0.12002444514763091 va_perf_ag: 0.938972275912056 va_loss_patho: 1.780610982383556 va_perf_patho: 0.20866302246919546 valid_perf: 0.5741762805025368.
End Pretraining Epoch with best recall performance of (accuracy): 0.5741762805025368.
Final validation metric: -0.5741762805025368
Job completed
Wandb offline logs saved to: /homes/01/srangdembay/Hack/medical_diagnosis_bot/wandb
To sync these logs later, run: wandb sync /homes/01/srangdembay/Hack/medical_diagnosis_bot/wandb/offline-run-*
