no change     /homes/01/srangdembay/miniconda3/condabin/conda
no change     /homes/01/srangdembay/miniconda3/bin/conda
no change     /homes/01/srangdembay/miniconda3/bin/conda-env
no change     /homes/01/srangdembay/miniconda3/bin/activate
no change     /homes/01/srangdembay/miniconda3/bin/deactivate
no change     /homes/01/srangdembay/miniconda3/etc/profile.d/conda.sh
no change     /homes/01/srangdembay/miniconda3/etc/fish/conf.d/conda.fish
no change     /homes/01/srangdembay/miniconda3/shell/condabin/Conda.psm1
no change     /homes/01/srangdembay/miniconda3/shell/condabin/conda-hook.ps1
no change     /homes/01/srangdembay/miniconda3/lib/python3.12/site-packages/xontrib/conda.xsh
no change     /homes/01/srangdembay/miniconda3/etc/profile.d/conda.csh
no change     /homes/01/srangdembay/.bashrc
No action taken.
Starting RL training job...
Base directory: /homes/01/srangdembay/Hack/medical_diagnosis_bot
Data directory: /homes/01/srangdembay/Hack/medical_diagnosis_bot/data
RL model directory: /homes/01/srangdembay/Hack/medical_diagnosis_bot/rl_model
Output directory: /homes/01/srangdembay/Hack/medical_diagnosis_bot/rl_model/output
Initializing Environment and generating Patients....
[1;34mwandb[0m: 
[1;34mwandb[0m: You can sync this run to the cloud by running:
[1;34mwandb[0m: [1mwandb sync /homes/01/srangdembay/Hack/medical_diagnosis_bot/rl_model/wandb/offline-run-20250329_192623-087m82x6[0m
[1;34mwandb[0m: Find logs at: [1;35mwandb/offline-run-20250329_192623-087m82x6/logs[0m
Job completed
